<?xml version="1.0" encoding="UTF-8"?>
<!-- Generated by org.testng.reporters.JUnitXMLReporter -->
<testsuite hostname="Bolt-PC" name="GmailSaveAndSendDraft" tests="5" failures="0" timestamp="12 Jul 2017 06:55:44 GMT" time="46.139" errors="0">
  <testcase name="saveDraftTest" time="9.799" classname="com.epam.elena_bolotova.mentoring.task6.pagefactory.SaveAndSendDraftTest"/>
  <testcase name="checkDraftInDraftsTest" time="1.934" classname="com.epam.elena_bolotova.mentoring.task6.pagefactory.SaveAndSendDraftTest"/>
  <testcase name="checkDraftContentTest" time="1.919" classname="com.epam.elena_bolotova.mentoring.task6.pagefactory.SaveAndSendDraftTest"/>
  <testcase name="sendDraftTest" time="12.137" classname="com.epam.elena_bolotova.mentoring.task6.pagefactory.SaveAndSendDraftTest"/>
  <testcase name="checkDraftInSentMailTest" time="5.826" classname="com.epam.elena_bolotova.mentoring.task6.pagefactory.SaveAndSendDraftTest"/>
</testsuite> <!-- GmailSaveAndSendDraft -->
