<?xml version="1.0" encoding="UTF-8"?>
<testng-results skipped="0" failed="0" total="1" passed="1">
  <reporter-output>
  </reporter-output>
  <suite name="FullSuite" duration-ms="43786" started-at="2017-06-18T17:52:02Z" finished-at="2017-06-18T17:52:46Z">
    <groups>
    </groups>
    <test name="Gmail" duration-ms="43786" started-at="2017-06-18T17:52:02Z" finished-at="2017-06-18T17:52:46Z">
      <class name="com.epam.elena_bolotova.mentoring.task5.GmailTest">
        <test-method status="PASS" signature="setUp()[pri:0, instance:com.epam.elena_bolotova.mentoring.task5.GmailTest@43840]" name="setUp" is-config="true" duration-ms="12199" started-at="2017-06-18T21:52:02Z" finished-at="2017-06-18T21:52:14Z">
          <reporter-output>
          </reporter-output>
        </test-method> <!-- setUp -->
        <test-method status="PASS" signature="sendDraft()[pri:0, instance:com.epam.elena_bolotova.mentoring.task5.GmailTest@43840]" name="sendDraft" duration-ms="31371" started-at="2017-06-18T21:52:14Z" finished-at="2017-06-18T21:52:46Z">
          <reporter-output>
          </reporter-output>
        </test-method> <!-- sendDraft -->
        <test-method status="PASS" signature="tearDown()[pri:0, instance:com.epam.elena_bolotova.mentoring.task5.GmailTest@43840]" name="tearDown" is-config="true" duration-ms="200" started-at="2017-06-18T21:52:46Z" finished-at="2017-06-18T21:52:46Z">
          <reporter-output>
          </reporter-output>
        </test-method> <!-- tearDown -->
      </class> <!-- com.epam.elena_bolotova.mentoring.task5.GmailTest -->
    </test> <!-- Gmail -->
  </suite> <!-- FullSuite -->
</testng-results>
