<?xml version="1.0" encoding="UTF-8"?>
<!-- Generated by org.testng.reporters.JUnitXMLReporter -->
<testsuite hostname="Bolt-PC" name="GmailSaveAndSendDraft" tests="5" failures="0" timestamp="12 Jul 2017 06:54:10 GMT" time="45.03" errors="0">
  <testcase name="saveDraftTest" time="9.654" classname="com.epam.elena_bolotova.mentoring.task6.pageobject.SaveAndSendDraftTest"/>
  <testcase name="checkDraftInDraftsTest" time="1.568" classname="com.epam.elena_bolotova.mentoring.task6.pageobject.SaveAndSendDraftTest"/>
  <testcase name="checkDraftContentTest" time="1.899" classname="com.epam.elena_bolotova.mentoring.task6.pageobject.SaveAndSendDraftTest"/>
  <testcase name="sendDraftTest" time="11.395" classname="com.epam.elena_bolotova.mentoring.task6.pageobject.SaveAndSendDraftTest"/>
  <testcase name="checkDraftInSentMailTest" time="5.8" classname="com.epam.elena_bolotova.mentoring.task6.pageobject.SaveAndSendDraftTest"/>
</testsuite> <!-- GmailSaveAndSendDraft -->
