<?xml version="1.0" encoding="UTF-8"?>
<testng-results skipped="0" failed="0" total="2" passed="2">
  <reporter-output>
  </reporter-output>
  <suite name="FullSuiteFirefox" duration-ms="49494" started-at="2017-09-04T20:23:45Z" finished-at="2017-09-04T20:24:35Z">
    <groups>
      <group name="cucumber">
        <method signature="AbstractTestNGCucumberTests.feature(cucumber.api.testng.CucumberFeatureWrapper)[pri:0, instance:com.epam.elena_bolotova.mentoring.task9.tests.cucumber_tests.IncorrectLogInCucumberTest@36f6e879]" name="feature" class="cucumber.api.testng.AbstractTestNGCucumberTests"/>
        <method signature="AbstractTestNGCucumberTests.feature(cucumber.api.testng.CucumberFeatureWrapper)[pri:0, instance:com.epam.elena_bolotova.mentoring.task9.tests.cucumber_tests.DraftActionsCucumberTest@7921b0a2]" name="feature" class="cucumber.api.testng.AbstractTestNGCucumberTests"/>
      </group> <!-- cucumber -->
    </groups>
    <test name="IncorrectLogin" duration-ms="14633" started-at="2017-09-04T20:23:45Z" finished-at="2017-09-04T20:24:00Z">
      <class name="com.epam.elena_bolotova.mentoring.task9.tests.cucumber_tests.IncorrectLogInCucumberTest">
        <test-method status="PASS" signature="setUpClass()[pri:0, instance:com.epam.elena_bolotova.mentoring.task9.tests.cucumber_tests.IncorrectLogInCucumberTest@36f6e879]" name="setUpClass" is-config="true" duration-ms="215" started-at="2017-09-05T00:23:45Z" finished-at="2017-09-05T00:23:46Z">
          <reporter-output>
          </reporter-output>
        </test-method> <!-- setUpClass -->
        <test-method status="PASS" signature="startBrowser()[pri:0, instance:com.epam.elena_bolotova.mentoring.task9.tests.cucumber_tests.IncorrectLogInCucumberTest@36f6e879]" name="startBrowser" is-config="true" duration-ms="3423" started-at="2017-09-05T00:23:46Z" description="Start browser, add implicit wait and maximize window" finished-at="2017-09-05T00:23:49Z">
          <reporter-output>
          </reporter-output>
        </test-method> <!-- startBrowser -->
        <test-method status="PASS" signature="feature(cucumber.api.testng.CucumberFeatureWrapper)[pri:0, instance:com.epam.elena_bolotova.mentoring.task9.tests.cucumber_tests.IncorrectLogInCucumberTest@36f6e879]" name="feature" duration-ms="10880" started-at="2017-09-05T00:23:49Z" description="Runs Cucumber Feature" data-provider="features" finished-at="2017-09-05T00:24:00Z">
          <params>
            <param index="0">
              <value>
                <![CDATA[user can not log in with incorrect credentials]]>
              </value>
            </param>
          </params>
          <reporter-output>
          </reporter-output>
        </test-method> <!-- feature -->
        <test-method status="PASS" signature="closeBrowser()[pri:0, instance:com.epam.elena_bolotova.mentoring.task9.tests.cucumber_tests.IncorrectLogInCucumberTest@36f6e879]" name="closeBrowser" is-config="true" duration-ms="0" started-at="2017-09-05T00:24:00Z" finished-at="2017-09-05T00:24:00Z">
          <reporter-output>
          </reporter-output>
        </test-method> <!-- closeBrowser -->
        <test-method status="PASS" signature="tearDownClass()[pri:0, instance:com.epam.elena_bolotova.mentoring.task9.tests.cucumber_tests.IncorrectLogInCucumberTest@36f6e879]" name="tearDownClass" is-config="true" duration-ms="16" started-at="2017-09-05T00:24:00Z" finished-at="2017-09-05T00:24:00Z">
          <reporter-output>
          </reporter-output>
        </test-method> <!-- tearDownClass -->
      </class> <!-- com.epam.elena_bolotova.mentoring.task9.tests.cucumber_tests.IncorrectLogInCucumberTest -->
    </test> <!-- IncorrectLogin -->
    <test name="DraftsActions" duration-ms="34841" started-at="2017-09-04T20:24:00Z" finished-at="2017-09-04T20:24:35Z">
      <class name="com.epam.elena_bolotova.mentoring.task9.tests.cucumber_tests.DraftActionsCucumberTest">
        <test-method status="PASS" signature="setUpClass()[pri:0, instance:com.epam.elena_bolotova.mentoring.task9.tests.cucumber_tests.DraftActionsCucumberTest@7921b0a2]" name="setUpClass" is-config="true" duration-ms="13" started-at="2017-09-05T00:24:00Z" finished-at="2017-09-05T00:24:00Z">
          <reporter-output>
          </reporter-output>
        </test-method> <!-- setUpClass -->
        <test-method status="PASS" signature="startBrowser()[pri:0, instance:com.epam.elena_bolotova.mentoring.task9.tests.cucumber_tests.DraftActionsCucumberTest@7921b0a2]" name="startBrowser" is-config="true" duration-ms="2788" started-at="2017-09-05T00:24:00Z" description="Start browser, add implicit wait and maximize window" finished-at="2017-09-05T00:24:03Z">
          <reporter-output>
          </reporter-output>
        </test-method> <!-- startBrowser -->
        <test-method status="PASS" signature="feature(cucumber.api.testng.CucumberFeatureWrapper)[pri:0, instance:com.epam.elena_bolotova.mentoring.task9.tests.cucumber_tests.DraftActionsCucumberTest@7921b0a2]" name="feature" duration-ms="32019" started-at="2017-09-05T00:24:03Z" description="Runs Cucumber Feature" data-provider="features" finished-at="2017-09-05T00:24:35Z">
          <params>
            <param index="0">
              <value>
                <![CDATA[actions with draft message]]>
              </value>
            </param>
          </params>
          <reporter-output>
          </reporter-output>
        </test-method> <!-- feature -->
        <test-method status="PASS" signature="closeBrowser()[pri:0, instance:com.epam.elena_bolotova.mentoring.task9.tests.cucumber_tests.DraftActionsCucumberTest@7921b0a2]" name="closeBrowser" is-config="true" duration-ms="0" started-at="2017-09-05T00:24:35Z" finished-at="2017-09-05T00:24:35Z">
          <reporter-output>
          </reporter-output>
        </test-method> <!-- closeBrowser -->
        <test-method status="PASS" signature="tearDownClass()[pri:0, instance:com.epam.elena_bolotova.mentoring.task9.tests.cucumber_tests.DraftActionsCucumberTest@7921b0a2]" name="tearDownClass" is-config="true" duration-ms="15" started-at="2017-09-05T00:24:35Z" finished-at="2017-09-05T00:24:35Z">
          <reporter-output>
          </reporter-output>
        </test-method> <!-- tearDownClass -->
      </class> <!-- com.epam.elena_bolotova.mentoring.task9.tests.cucumber_tests.DraftActionsCucumberTest -->
    </test> <!-- DraftsActions -->
  </suite> <!-- FullSuiteFirefox -->
</testng-results>
